2026-04-03 19:42:20,209 [INFO] Activator:176 - 


2026-04-03 19:42:20,213 [INFO] Activator:177 - !SESSION log4j initialized
2026-04-03 19:42:24,544 [INFO] LogOutputStream:77 - [STDOUT_REDIRECT] 
2026-04-03 19:42:31,099 [INFO] ApplicationProperties:184 - Using Application install path: /opt/st/stm32cubeide_1.19.0/plugins/com.st.stm32cube.common.mx_6.15.0.202507011659
2026-04-03 19:42:31,144 [INFO] DbMcusXml:78 - Set database path to: /opt/st/stm32cubeide_1.19.0/plugins/com.st.stm32cube.common.mx_6.15.0.202507011659//db//mcu/
2026-04-03 19:42:31,145 [INFO] ApiDb:274 - Set plugin database path to: /opt/st/stm32cubeide_1.19.0/plugins/com.st.stm32cube.common.mx_6.15.0.202507011659//db//plugins/boardmanager/
2026-04-03 19:42:31,145 [WARN] ApiDb:259 - Overriding images path with different value:  => /opt/st/stm32cubeide_1.19.0/plugins/com.st.stm32cube.common.mx_6.15.0.202507011659//db//plugins/mcufinder/images/
2026-04-03 19:42:31,157 [INFO] ApiDb:250 - Set database path to: /home/mongoose/.stmcufinder/plugins/mcufinder//mcu/
2026-04-03 19:42:31,160 [INFO] DbMcusAds:125 - Set database path to: /home/mongoose/.stmcufinder/plugins/mcufinder//mcu/
2026-04-03 19:42:31,168 [INFO] CrossReferenceDbSqlite:203 - Set database path to: /home/mongoose/.stmcufinder/plugins/mcufinder//mcu/cs/
2026-04-03 19:42:31,555 [INFO] RulesReader:64 - Compatibility file has been processed (317 Rules)
2026-04-03 19:42:31,725 [INFO] DbMcusXml:78 - Set database path to: /opt/st/stm32cubeide_1.19.0/plugins/com.st.stm32cube.common.mx_6.15.0.202507011659//db//mcu/
2026-04-03 19:42:31,726 [INFO] ApiDb:274 - Set plugin database path to: /opt/st/stm32cubeide_1.19.0/plugins/com.st.stm32cube.common.mx_6.15.0.202507011659//db//plugins/boardmanager/
2026-04-03 19:42:31,726 [INFO] ApiDb:261 - Set plugin images path to: /opt/st/stm32cubeide_1.19.0/plugins/com.st.stm32cube.common.mx_6.15.0.202507011659//db//plugins/mcufinder/images/
2026-04-03 19:42:31,726 [WARN] DbFile:41 - Overriding database path with different value: /home/mongoose/.stmcufinder/plugins/mcufinder/ => /home/mongoose/.stmcufinder/plugins/mcufinder
2026-04-03 19:42:31,727 [INFO] ApiDb:250 - Set database path to: /home/mongoose/.stmcufinder/plugins/mcufinder//mcu/
2026-04-03 19:42:31,727 [WARN] DbFile:41 - Overriding database path with different value: /home/mongoose/.stmcufinder/plugins/mcufinder/ => /home/mongoose/.stmcufinder/plugins/mcufinder
2026-04-03 19:42:31,727 [INFO] DbMcusAds:125 - Set database path to: /home/mongoose/.stmcufinder/plugins/mcufinder//mcu/
2026-04-03 19:42:31,727 [WARN] DbFile:41 - Overriding database path with different value: /home/mongoose/.stmcufinder/plugins/mcufinder/ => /home/mongoose/.stmcufinder/plugins/mcufinder
2026-04-03 19:42:31,728 [WARN] DbFile:41 - Overriding database path with different value: /home/mongoose/.stmcufinder/plugins/mcufinder/ => /home/mongoose/.stmcufinder/plugins/mcufinder
2026-04-03 19:42:31,728 [INFO] CrossReferenceDbSqlite:203 - Set database path to: /home/mongoose/.stmcufinder/plugins/mcufinder//mcu/cs/
2026-04-03 19:42:31,871 [INFO] MainPanel:274 - HeapMemory: 268435456
2026-04-03 19:42:32,141 [INFO] DbMcusXml:78 - Set database path to: /opt/st/stm32cubeide_1.19.0/plugins/com.st.stm32cube.common.mx_6.15.0.202507011659//db//mcu/
2026-04-03 19:42:32,141 [INFO] ApiDb:274 - Set plugin database path to: /opt/st/stm32cubeide_1.19.0/plugins/com.st.stm32cube.common.mx_6.15.0.202507011659//db//plugins/boardmanager/
2026-04-03 19:42:32,142 [INFO] ApiDb:261 - Set plugin images path to: /opt/st/stm32cubeide_1.19.0/plugins/com.st.stm32cube.common.mx_6.15.0.202507011659//db//plugins/mcufinder/images/
2026-04-03 19:42:32,143 [WARN] DbFile:41 - Overriding database path with different value: /home/mongoose/.stmcufinder/plugins/mcufinder/ => /home/mongoose/.stmcufinder/plugins/mcufinder
2026-04-03 19:42:32,143 [INFO] ApiDb:250 - Set database path to: /home/mongoose/.stmcufinder/plugins/mcufinder//mcu/
2026-04-03 19:42:32,143 [WARN] DbFile:41 - Overriding database path with different value: /home/mongoose/.stmcufinder/plugins/mcufinder/ => /home/mongoose/.stmcufinder/plugins/mcufinder
2026-04-03 19:42:32,143 [INFO] DbMcusAds:125 - Set database path to: /home/mongoose/.stmcufinder/plugins/mcufinder//mcu/
2026-04-03 19:42:32,144 [WARN] DbFile:41 - Overriding database path with different value: /home/mongoose/.stmcufinder/plugins/mcufinder/ => /home/mongoose/.stmcufinder/plugins/mcufinder
2026-04-03 19:42:32,144 [WARN] DbFile:41 - Overriding database path with different value: /home/mongoose/.stmcufinder/plugins/mcufinder/ => /home/mongoose/.stmcufinder/plugins/mcufinder
2026-04-03 19:42:32,144 [INFO] CrossReferenceDbSqlite:203 - Set database path to: /home/mongoose/.stmcufinder/plugins/mcufinder//mcu/cs/
2026-04-03 19:42:32,184 [INFO] ApplicationProperties:184 - Using Application install path: /opt/st/stm32cubeide_1.19.0/plugins/com.st.stm32cube.common.mx_6.15.0.202507011659
2026-04-03 19:42:32,187 [INFO] PluginManage:196 - Search for loadable plugins [exclusion list=, ]
2026-04-03 19:42:32,189 [INFO] PluginManage:310 - Check plugin analytics
2026-04-03 19:42:32,856 [INFO] AnalyticsPlugin:253 - Accepted Software Licenses: 
2026-04-03 19:42:32,856 [INFO] AnalyticsPlugin:255 - Accepted CMSIS Pack Licenses: 
2026-04-03 19:42:32,856 [INFO] AnalyticsPlugin:257 - Accepted Firmware Licenses: FW.L4.1.18.0,FW.H7.1.12.0
2026-04-03 19:42:32,871 [INFO] PluginManage:359 - Loaded plugin analytics (category:tool,tabindex:-1)
2026-04-03 19:42:32,872 [INFO] PluginManage:310 - Check plugin cadmodel
2026-04-03 19:42:32,879 [INFO] CADModel:105 - Init CAD model plugin
2026-04-03 19:42:32,880 [INFO] PluginManage:359 - Loaded plugin cadmodel (category:power,tabindex:5)
2026-04-03 19:42:32,881 [INFO] PluginManage:310 - Check plugin clock
2026-04-03 19:42:32,903 [INFO] PluginManage:359 - Loaded plugin clock (category:base,tabindex:2)
2026-04-03 19:42:32,904 [INFO] PluginManage:310 - Check plugin ddr
2026-04-03 19:42:32,909 [INFO] PluginManage:359 - Loaded plugin ddr (category:tool,tabindex:6)
2026-04-03 19:42:32,911 [INFO] PluginManage:310 - Check plugin filemanager
2026-04-03 19:42:33,441 [INFO] PluginManage:359 - Loaded plugin filemanager (category:base,tabindex:10)
2026-04-03 19:42:33,442 [INFO] PluginManage:310 - Check plugin ipmanager
2026-04-03 19:42:33,486 [INFO] PluginManage:359 - Loaded plugin ipmanager (category:base,tabindex:5)
2026-04-03 19:42:33,487 [INFO] PluginManage:310 - Check plugin lpbam
2026-04-03 19:42:33,503 [INFO] PluginManage:359 - Loaded plugin lpbam (category:base,tabindex:0)
2026-04-03 19:42:33,504 [INFO] PluginManage:310 - Check plugin memorymap
2026-04-03 19:42:33,532 [INFO] PluginManage:359 - Loaded plugin memorymap (category:base,tabindex:4)
2026-04-03 19:42:33,533 [INFO] PluginManage:310 - Check plugin pinoutandconfiguration
2026-04-03 19:42:33,563 [INFO] PluginManage:359 - Loaded plugin pinoutandconfiguration (category:base,tabindex:1)
2026-04-03 19:42:33,564 [INFO] PluginManage:310 - Check plugin pinoutconfig
2026-04-03 19:42:33,803 [WARN] SupportedApi:132 - Cannot load RTOS API schema: s4s-elt-must-match.1: The content of 'definitions' must match (annotation?, (simpleType | complexType)?, (unique | key | keyref)*)). A problem was found starting at: attribute.
2026-04-03 19:42:34,186 [INFO] PluginManage:359 - Loaded plugin pinoutconfig (category:base,tabindex:0)
2026-04-03 19:42:34,186 [INFO] PluginManage:310 - Check plugin power
2026-04-03 19:42:34,203 [INFO] PluginManage:359 - Loaded plugin power (category:power,tabindex:4)
2026-04-03 19:42:34,203 [INFO] PluginManage:310 - Check plugin projectmanager
2026-04-03 19:42:34,259 [INFO] PluginManage:359 - Loaded plugin projectmanager (category:projectmanager,tabindex:4)
2026-04-03 19:42:34,259 [INFO] PluginManage:310 - Check plugin rif
2026-04-03 19:42:34,284 [INFO] PluginManage:359 - Loaded plugin rif (category:base,tabindex:3)
2026-04-03 19:42:34,284 [INFO] PluginManage:310 - Check plugin thirdparty
2026-04-03 19:42:34,750 [INFO] PluginManage:359 - Loaded plugin thirdparty (category:base,tabindex:-1)
2026-04-03 19:42:34,751 [INFO] PluginManage:310 - Check plugin tools
2026-04-03 19:42:34,753 [WARN] IntegrityCheckThread:84 - waiting for thirdparty lock release [integrity check]
2026-04-03 19:42:34,753 [INFO] IntegrityCheckThread:86 - entering critical section [integrity check]
2026-04-03 19:42:34,754 [INFO] ThirdPartyUpdaterWithRetryManager:70 - Updater plugin not ready yet. [1/15]
2026-04-03 19:42:34,760 [INFO] PluginManage:359 - Loaded plugin tools (category:base,tabindex:7)
2026-04-03 19:42:34,761 [INFO] PluginManage:310 - Check plugin tutovideos
2026-04-03 19:42:35,450 [INFO] PluginManage:359 - Loaded plugin tutovideos (category:base,tabindex:-1)
2026-04-03 19:42:35,451 [INFO] PluginManage:310 - Check plugin updater
2026-04-03 19:42:35,501 [INFO] PluginManage:359 - Loaded plugin updater (category:base,tabindex:12)
2026-04-03 19:42:35,501 [INFO] PluginManage:310 - Check plugin userauth
2026-04-03 19:42:35,508 [INFO] UserAuth:118 - Init User Auth plugin
2026-04-03 19:42:35,511 [INFO] PluginManage:359 - Loaded plugin userauth (category:base,tabindex:14)
2026-04-03 19:42:35,513 [INFO] PluginManage:283 - PluginManage : Loaded plugins [18]
2026-04-03 19:42:35,914 [INFO] PinOutPanel:1589 - setPackage(No Configuration,No Configuration)
2026-04-03 19:42:36,083 [INFO] CADModel:165 - CPN selected for project level
2026-04-03 19:42:36,084 [INFO] CADModel:114 - Register for checkConnection events
2026-04-03 19:42:36,100 [INFO] IPUIPlugin:80 - create IPUIPlugin
2026-04-03 19:42:36,101 [INFO] PluginManager:220 - loadIPPluginJar : add fatfs
2026-04-03 19:42:36,110 [INFO] IPUIPlugin:80 - create IPUIPlugin
2026-04-03 19:42:36,110 [INFO] PluginManager:220 - loadIPPluginJar : add extmemmanager
2026-04-03 19:42:36,115 [INFO] IPUIPlugin:80 - create IPUIPlugin
2026-04-03 19:42:36,116 [INFO] PluginManager:220 - loadIPPluginJar : add touchsensing
2026-04-03 19:42:36,132 [INFO] IPUIPlugin:80 - create IPUIPlugin
2026-04-03 19:42:36,133 [INFO] PluginManager:220 - loadIPPluginJar : add stm32_wpan
2026-04-03 19:42:36,136 [INFO] IPUIPlugin:80 - create IPUIPlugin
2026-04-03 19:42:36,136 [INFO] PluginManager:220 - loadIPPluginJar : add tim
2026-04-03 19:42:36,141 [INFO] IPUIPlugin:80 - create IPUIPlugin
2026-04-03 19:42:36,142 [INFO] PluginManager:220 - loadIPPluginJar : add ddr_ctrl_phy
2026-04-03 19:42:36,145 [INFO] IPUIPlugin:80 - create IPUIPlugin
2026-04-03 19:42:36,145 [INFO] PluginManager:220 - loadIPPluginJar : add ucpd
2026-04-03 19:42:36,149 [INFO] IPUIPlugin:80 - create IPUIPlugin
2026-04-03 19:42:36,149 [INFO] PluginManager:220 - loadIPPluginJar : add pdm2pcm
2026-04-03 19:42:36,154 [INFO] IPUIPlugin:80 - create IPUIPlugin
2026-04-03 19:42:36,155 [INFO] PluginManager:220 - loadIPPluginJar : add can
2026-04-03 19:42:36,157 [INFO] IPUIPlugin:80 - create IPUIPlugin
2026-04-03 19:42:36,157 [INFO] PluginManager:220 - loadIPPluginJar : add ltdc
2026-04-03 19:42:36,168 [INFO] IPUIPlugin:80 - create IPUIPlugin
2026-04-03 19:42:36,168 [INFO] PluginManager:220 - loadIPPluginJar : add adc
2026-04-03 19:42:36,181 [INFO] IPUIPlugin:80 - create IPUIPlugin
2026-04-03 19:42:36,182 [INFO] PluginManager:220 - loadIPPluginJar : add dma
2026-04-03 19:42:36,186 [INFO] IPUIPlugin:80 - create IPUIPlugin
2026-04-03 19:42:36,186 [INFO] PluginManager:220 - loadIPPluginJar : add genericplugin
2026-04-03 19:42:36,192 [INFO] IPUIPlugin:80 - create IPUIPlugin
2026-04-03 19:42:36,193 [INFO] PluginManager:220 - loadIPPluginJar : add usbx
2026-04-03 19:42:36,196 [INFO] IPUIPlugin:80 - create IPUIPlugin
2026-04-03 19:42:36,197 [INFO] PluginManager:220 - loadIPPluginJar : add dma3
2026-04-03 19:42:36,201 [INFO] IPUIPlugin:80 - create IPUIPlugin
2026-04-03 19:42:36,201 [INFO] PluginManager:220 - loadIPPluginJar : add comp
2026-04-03 19:42:36,206 [INFO] IPUIPlugin:80 - create IPUIPlugin
2026-04-03 19:42:36,206 [INFO] PluginManager:220 - loadIPPluginJar : add dfsdm
2026-04-03 19:42:36,209 [INFO] IPUIPlugin:80 - create IPUIPlugin
2026-04-03 19:42:36,210 [INFO] PluginManager:220 - loadIPPluginJar : add quadspi
2026-04-03 19:42:36,216 [INFO] IPUIPlugin:80 - create IPUIPlugin
2026-04-03 19:42:36,217 [INFO] PluginManager:220 - loadIPPluginJar : add i3c
2026-04-03 19:42:36,227 [INFO] IPUIPlugin:80 - create IPUIPlugin
2026-04-03 19:42:36,228 [INFO] PluginManager:220 - loadIPPluginJar : add fmc
2026-04-03 19:42:36,239 [INFO] IPUIPlugin:80 - create IPUIPlugin
2026-04-03 19:42:36,247 [INFO] PluginManager:220 - loadIPPluginJar : add plateformsettings
2026-04-03 19:42:36,254 [INFO] IPUIPlugin:80 - create IPUIPlugin
2026-04-03 19:42:36,255 [INFO] PluginManager:220 - loadIPPluginJar : add ipddr
2026-04-03 19:42:36,270 [INFO] IPUIPlugin:80 - create IPUIPlugin
2026-04-03 19:42:36,271 [INFO] PluginManager:220 - loadIPPluginJar : add linkedlist
2026-04-03 19:42:36,275 [INFO] IPUIPlugin:80 - create IPUIPlugin
2026-04-03 19:42:36,275 [INFO] PluginManager:220 - loadIPPluginJar : add tracer_emb
2026-04-03 19:42:36,285 [INFO] IPUIPlugin:80 - create IPUIPlugin
2026-04-03 19:42:36,286 [INFO] PluginManager:220 - loadIPPluginJar : add freertos
2026-04-03 19:42:36,291 [INFO] IPUIPlugin:80 - create IPUIPlugin
2026-04-03 19:42:36,292 [INFO] PluginManager:220 - loadIPPluginJar : add spi
2026-04-03 19:42:36,296 [INFO] IPUIPlugin:80 - create IPUIPlugin
2026-04-03 19:42:36,297 [INFO] PluginManager:220 - loadIPPluginJar : add opamp
2026-04-03 19:42:36,300 [INFO] IPUIPlugin:80 - create IPUIPlugin
2026-04-03 19:42:36,300 [INFO] PluginManager:220 - loadIPPluginJar : add gfxmmu
2026-04-03 19:42:36,302 [INFO] IPUIPlugin:80 - create IPUIPlugin
2026-04-03 19:42:36,303 [INFO] PluginManager:220 - loadIPPluginJar : add tsc
2026-04-03 19:42:36,307 [INFO] IPUIPlugin:80 - create IPUIPlugin
2026-04-03 19:42:36,307 [INFO] PluginManager:220 - loadIPPluginJar : add aes
2026-04-03 19:42:36,317 [INFO] IPUIPlugin:80 - create IPUIPlugin
2026-04-03 19:42:36,318 [INFO] PluginManager:220 - loadIPPluginJar : add gic
2026-04-03 19:42:36,321 [INFO] IPUIPlugin:80 - create IPUIPlugin
2026-04-03 19:42:36,322 [INFO] PluginManager:220 - loadIPPluginJar : add radio
2026-04-03 19:42:36,327 [INFO] IPUIPlugin:80 - create IPUIPlugin
2026-04-03 19:42:36,327 [INFO] PluginManager:220 - loadIPPluginJar : add openamp
2026-04-03 19:42:36,334 [INFO] IPUIPlugin:80 - create IPUIPlugin
2026-04-03 19:42:36,335 [INFO] PluginManager:220 - loadIPPluginJar : add gpio
2026-04-03 19:42:36,340 [INFO] IPUIPlugin:80 - create IPUIPlugin
2026-04-03 19:42:36,340 [INFO] PluginManager:220 - loadIPPluginJar : add usart
2026-04-03 19:42:36,344 [INFO] IPUIPlugin:80 - create IPUIPlugin
2026-04-03 19:42:36,344 [INFO] PluginManager:220 - loadIPPluginJar : add i2c
2026-04-03 19:42:36,348 [INFO] IPUIPlugin:80 - create IPUIPlugin
2026-04-03 19:42:36,348 [INFO] PluginManager:220 - loadIPPluginJar : add i2s
2026-04-03 19:42:36,353 [INFO] IPUIPlugin:80 - create IPUIPlugin
2026-04-03 19:42:36,353 [INFO] PluginManager:220 - loadIPPluginJar : add resmgrutility
2026-04-03 19:42:36,361 [INFO] IPUIPlugin:80 - create IPUIPlugin
2026-04-03 19:42:36,361 [INFO] PluginManager:220 - loadIPPluginJar : add cryp
2026-04-03 19:42:36,365 [INFO] IPUIPlugin:80 - create IPUIPlugin
2026-04-03 19:42:36,365 [INFO] PluginManager:220 - loadIPPluginJar : add hash
2026-04-03 19:42:36,368 [INFO] IPUIPlugin:80 - create IPUIPlugin
2026-04-03 19:42:36,368 [INFO] PluginManager:220 - loadIPPluginJar : add ts
2026-04-03 19:42:36,375 [INFO] IPUIPlugin:80 - create IPUIPlugin
2026-04-03 19:42:36,376 [INFO] PluginManager:220 - loadIPPluginJar : add nvic
2026-04-03 19:42:36,381 [INFO] IPUIPlugin:80 - create IPUIPlugin
2026-04-03 19:42:36,381 [INFO] PluginManager:220 - loadIPPluginJar : add sai
2026-04-03 19:42:36,392 [INFO] IPUIPlugin:80 - create IPUIPlugin
2026-04-03 19:42:36,392 [INFO] PluginManager:220 - loadIPPluginJar : add mdma
2026-04-03 19:42:36,396 [INFO] IPUIPlugin:80 - create IPUIPlugin
2026-04-03 19:42:36,397 [INFO] PluginManager:220 - loadIPPluginJar : add gtzc
2026-04-03 19:42:36,401 [INFO] IPUIPlugin:80 - create IPUIPlugin
2026-04-03 19:42:36,401 [INFO] PluginManager:220 - loadIPPluginJar : add lorawan
2026-04-03 19:42:36,516 [ERROR] LogOutputStream:75 - [STDERR_REDIRECT] Apr 03, 2026 7:42:36 PM org.eclipse.lsp4j.jsonrpc.services.GenericEndpoint notify
2026-04-03 19:42:36,516 [ERROR] LogOutputStream:75 - [STDERR_REDIRECT] WARNING: Unsupported notification method: statusNotification
2026-04-03 19:42:36,517 [ERROR] LogOutputStream:75 - [STDERR_REDIRECT] 
2026-04-03 19:42:36,520 [ERROR] LogOutputStream:75 - [STDERR_REDIRECT] Apr 03, 2026 7:42:36 PM org.eclipse.lsp4j.jsonrpc.services.GenericEndpoint notify
2026-04-03 19:42:36,521 [ERROR] LogOutputStream:75 - [STDERR_REDIRECT] WARNING: Unsupported notification method: didChangeStatus
2026-04-03 19:42:36,521 [ERROR] LogOutputStream:75 - [STDERR_REDIRECT] 
2026-04-03 19:42:36,544 [ERROR] LogOutputStream:75 - [STDERR_REDIRECT] Apr 03, 2026 7:42:36 PM org.eclipse.lsp4j.jsonrpc.services.GenericEndpoint notify
2026-04-03 19:42:36,545 [ERROR] LogOutputStream:75 - [STDERR_REDIRECT] WARNING: Unsupported notification method: conversation/preconditionsNotification
2026-04-03 19:42:36,545 [ERROR] LogOutputStream:75 - [STDERR_REDIRECT] 
2026-04-03 19:42:36,577 [FATAL] Updater:351 - Updater called before beeing initialized
2026-04-03 19:42:36,789 [INFO] RulesReader:64 - Compatibility file has been processed (317 Rules)
2026-04-03 19:42:36,924 [INFO] RulesReader:64 - Compatibility file has been processed (317 Rules)
2026-04-03 19:42:36,968 [INFO] CADModel:165 - CPN selected for project level
2026-04-03 19:42:36,968 [INFO] CADModel:114 - Register for checkConnection events
2026-04-03 19:42:36,969 [FATAL] Updater:351 - Updater called before beeing initialized
2026-04-03 19:42:36,975 [ERROR] CADModel:125 - Updater not yet initialized, retry later 
2026-04-03 19:42:37,424 [FATAL] Updater:351 - Updater called before beeing initialized
2026-04-03 19:42:37,427 [INFO] CADModel:165 - CPN selected for project level
2026-04-03 19:42:37,427 [INFO] CADModel:114 - Register for checkConnection events
2026-04-03 19:42:37,428 [FATAL] Updater:351 - Updater called before beeing initialized
2026-04-03 19:42:37,428 [ERROR] CADModel:125 - Updater not yet initialized, retry later 
2026-04-03 19:42:37,439 [FATAL] Updater:351 - Updater called before beeing initialized
2026-04-03 19:42:37,767 [INFO] ThirdPartyUpdaterWithRetryManager:70 - Updater plugin not ready yet. [2/15]
2026-04-03 19:42:37,788 [FATAL] Updater:351 - Updater called before beeing initialized
2026-04-03 19:42:37,798 [INFO] DbMcusAds:53 - JSON generation date=Thu Jan 08 07:56:32 PST 2026 (1767887792457)
2026-04-03 19:42:37,798 [FATAL] Updater:351 - Updater called before beeing initialized
2026-04-03 19:42:37,893 [WARN] DetailPanel:346 - Failed to get advertising image, set to default
2026-04-03 19:42:38,026 [FATAL] Updater:351 - Updater called before beeing initialized
2026-04-03 19:42:38,028 [FATAL] Updater:351 - Updater called before beeing initialized
2026-04-03 19:42:38,028 [FATAL] Updater:351 - Updater called before beeing initialized
2026-04-03 19:42:38,029 [WARN] DetailPanel:346 - Failed to get advertising image, set to default
2026-04-03 19:42:38,030 [FATAL] Updater:351 - Updater called before beeing initialized
2026-04-03 19:42:38,091 [ERROR] Updater:1198 - MainUpdater not yet initialized. External WinMGr cannot be set.
2026-04-03 19:42:38,094 [INFO] Updater:1134 - Updater Version found : 6.15.0
2026-04-03 19:42:38,124 [INFO] ApplicationProperties:184 - Using Application install path: /opt/st/stm32cubeide_1.19.0/plugins/com.st.stm32cube.common.mx_6.15.0.202507011659
2026-04-03 19:42:38,652 [INFO] MainUpdater:2872 - connection check result : 10
2026-04-03 19:42:38,653 [INFO] MainUpdater:289 - Updater Check For Update Now.
2026-04-03 19:42:38,653 [INFO] MicroXplorer:498 - Change Database Version : DB.6.0.150
2026-04-03 19:42:38,671 [INFO] McuFinderGlobals:63 - Set McuFinder mode to 2 (CubeIDE integrated)
2026-04-03 19:42:38,672 [INFO] UserAuth:487 - Internet connection configuration mode: 1
2026-04-03 19:42:38,728 [INFO] JxBrowserEngine:152 - Initiate JxBrowser Engine with user profile folder
2026-04-03 19:42:39,015 [INFO] CheckServerUpdateThread:120 - End of CheckServer Thread
2026-04-03 19:42:40,144 [INFO] WebApp:169 - Instantiating new browser for Auth
2026-04-03 19:42:41,606 [WARN] PackLoader:240 - Cannot read IP mode file for STMicroelectronics.X-CUBE-AZRTOS-H7.3.5.0
2026-04-03 19:42:41,667 [WARN] PackLoader:240 - Cannot read IP mode file for STMicroelectronics.FP-SNS-MOTENVWB1.1.4.0
2026-04-03 19:42:41,691 [WARN] PackLoader:240 - Cannot read IP mode file for STMicroelectronics.FP-ATR-ASTRA1.2.0.2
2026-04-03 19:42:41,711 [WARN] PackLoader:240 - Cannot read IP mode file for STMicroelectronics.X-CUBE-SMBUS.2.1.0
2026-04-03 19:42:41,797 [WARN] PackLoader:240 - Cannot read IP mode file for STMicroelectronics.X-CUBE-AZRTOS-F7.1.1.0
2026-04-03 19:42:41,827 [WARN] PackLoader:240 - Cannot read IP mode file for STMicroelectronics.FP-SNS-MOTENV1.5.1.0
2026-04-03 19:42:41,938 [WARN] PackLoader:240 - Cannot read IP mode file for WES.I-CUBE-Cesium.1.4.0
2026-04-03 19:42:42,156 [WARN] PackLoader:240 - Cannot read IP mode file for STMicroelectronics.X-CUBE-AZRTOS-H7.3.4.0
2026-04-03 19:42:42,235 [INFO] WebApp:463 - Apply proxy settings
2026-04-03 19:42:42,236 [INFO] WebApp:548 - Chromium requires no authentication
2026-04-03 19:42:42,258 [WARN] PackLoader:240 - Cannot read IP mode file for STMicroelectronics.X-CUBE-DISPLAY.3.0.0
2026-04-03 19:42:42,264 [INFO] WebApp:491 - Direct internet connection detected
2026-04-03 19:42:42,283 [WARN] PackLoader:240 - Cannot read IP mode file for STMicroelectronics.FP-SNS-MOTENVWB1.1.5.0
2026-04-03 19:42:42,336 [WARN] PackLoader:240 - Cannot read IP mode file for STMicroelectronics.X-CUBE-NFC10.1.0.0
2026-04-03 19:42:42,369 [WARN] PackLoader:240 - Cannot read IP mode file for STMicroelectronics.X-CUBE-ST60.1.1.0
2026-04-03 19:42:42,371 [INFO] WebApp:900 - Register for checkConnection events
2026-04-03 19:42:42,372 [INFO] WebApp:463 - Apply proxy settings
2026-04-03 19:42:42,372 [INFO] WebApp:548 - Chromium requires no authentication
2026-04-03 19:42:42,374 [INFO] WebApp:491 - Direct internet connection detected
2026-04-03 19:42:42,381 [WARN] PackLoader:240 - Cannot read IP mode file for emotas.I-CUBE-CANOPEN.1.3.0
2026-04-03 19:42:42,391 [WARN] PackLoader:240 - Cannot read IP mode file for STMicroelectronics.X-CUBE-GNSS1.7.1.0
2026-04-03 19:42:42,408 [WARN] PackLoader:240 - Cannot read IP mode file for STMicroelectronics.FP-SNS-STBOX1.2.1.0
2026-04-03 19:42:42,422 [WARN] PackLoader:240 - Cannot read IP mode file for STMicroelectronics.FP-SNS-SMARTAG2.1.2.0
2026-04-03 19:42:42,429 [WARN] PackLoader:240 - Cannot read IP mode file for STMicroelectronics.FP-SNS-FLIGHT1.5.1.0
2026-04-03 19:42:42,455 [INFO] LogOutputStream:77 - [STDOUT_REDIRECT] 1 : Invalid condition id : UX_CORESTACK_Condition cause : null
2026-04-03 19:42:42,457 [INFO] LogOutputStream:77 - [STDOUT_REDIRECT] 1 : Invalid condition id : UX_CORESTACK_Condition cause : null
2026-04-03 19:42:42,458 [INFO] LogOutputStream:77 - [STDOUT_REDIRECT] 1 : Invalid condition id : UX_CORESTACK_Condition cause : null
2026-04-03 19:42:42,458 [INFO] LogOutputStream:77 - [STDOUT_REDIRECT] 1 : Invalid condition id : UX_CORESTACK_Condition cause : null
2026-04-03 19:42:42,460 [INFO] LogOutputStream:77 - [STDOUT_REDIRECT] 1 : Invalid condition id : UX_CORESTACK_Condition cause : null
2026-04-03 19:42:42,469 [WARN] PackLoader:240 - Cannot read IP mode file for STMicroelectronics.X-CUBE-AZRTOS-WL.2.0.0
2026-04-03 19:42:42,586 [WARN] PackLoader:240 - Cannot read IP mode file for STMicroelectronics.X-CUBE-AZRTOS-H7RS.1.2.0
2026-04-03 19:42:42,653 [WARN] PackLoader:240 - Cannot read IP mode file for STMicroelectronics.X-CUBE-BLE2.3.3.0
2026-04-03 19:42:42,783 [INFO] WebApp:191 - Connection restablished
2026-04-03 19:42:42,850 [WARN] PackLoader:240 - Cannot read IP mode file for Infineon.AIROC-Wi-Fi-Bluetooth-STM32.1.8.0
2026-04-03 19:42:42,922 [WARN] PackLoader:240 - Cannot read IP mode file for STMicroelectronics.X-CUBE-NFC9.1.0.0
2026-04-03 19:42:42,973 [WARN] PackLoader:240 - Cannot read IP mode file for STMicroelectronics.X-CUBE-BLE1.7.1.0
2026-04-03 19:42:43,003 [WARN] PackLoader:240 - Cannot read IP mode file for wolfSSL.I-CUBE-wolfMQTT.1.19.2
2026-04-03 19:42:43,034 [WARN] PackLoader:240 - Cannot read IP mode file for STMicroelectronics.X-CUBE-FREERTOS.1.4.0
2026-04-03 19:42:43,059 [WARN] PackLoader:240 - Cannot read IP mode file for STMicroelectronics.X-CUBE-EEPRMA1.5.2.0
2026-04-03 19:42:43,100 [WARN] PackLoader:240 - Cannot read IP mode file for wolfSSL.I-CUBE-wolfSSL.5.8.4
2026-04-03 19:42:43,118 [WARN] PackLoader:240 - Cannot read IP mode file for Cesanta.I-CUBE-Mongoose.7.20.0
2026-04-03 19:42:43,501 [WARN] PackLoader:240 - Cannot read IP mode file for STMicroelectronics.X-CUBE-MEMS1.12.0.0
2026-04-03 19:42:43,891 [INFO] WebApp:225 - Starting web application
2026-04-03 19:42:43,891 [INFO] WebApp:593 - Web application path used /opt/st/stm32cubeide_1.19.0/plugins/com.st.stm32cube.common.mx_6.15.0.202507011659/db/plugins/mcufinder/reactClient1/index.html
2026-04-03 19:42:44,326 [WARN] PackLoader:240 - Cannot read IP mode file for STMicroelectronics.X-CUBE-AZRTOS-G0.1.1.0
2026-04-03 19:42:44,347 [WARN] PackLoader:240 - Cannot read IP mode file for STMicroelectronics.X-CUBE-NFC4.3.0.0
2026-04-03 19:42:44,368 [WARN] PackLoader:240 - Cannot read IP mode file for EmbeddedOffice.I-CUBE-FS-RTOS.1.0.1
2026-04-03 19:42:44,407 [WARN] PackLoader:240 - Cannot read IP mode file for STMicroelectronics.X-CUBE-WB05N.2.0.0
2026-04-03 19:42:44,437 [WARN] PackLoader:240 - Cannot read IP mode file for wolfSSL.I-CUBE-wolfTPM.3.8.0
2026-04-03 19:42:44,461 [WARN] PackLoader:240 - Cannot read IP mode file for STMicroelectronics.X-CUBE-TCPP.4.2.0
2026-04-03 19:42:44,486 [WARN] PackLoader:240 - Cannot read IP mode file for RealThread.X-CUBE-RT-Thread_Nano.4.1.1
2026-04-03 19:42:44,498 [WARN] PackLoader:240 - Cannot read IP mode file for STMicroelectronics.FP-ATR-SIGFOX1.3.2.0
2026-04-03 19:42:44,525 [WARN] PackLoader:240 - Cannot read IP mode file for STMicroelectronics.X-CUBE-FREERTOS.1.5.0
2026-04-03 19:42:44,560 [WARN] PackLoader:240 - Cannot read IP mode file for ITTIA_DB.I-CUBE-ITTIADB.8.9.0
2026-04-03 19:42:44,606 [WARN] PackLoader:240 - Cannot read IP mode file for STMicroelectronics.X-CUBE-NFC6.3.2.0
2026-04-03 19:42:44,719 [INFO] UserAuth:487 - Internet connection configuration mode: 1
2026-04-03 19:42:44,750 [WARN] PackLoader:240 - Cannot read IP mode file for STMicroelectronics.X-CUBE-AI.10.2.0
2026-04-03 19:42:44,989 [WARN] PackLoader:240 - Cannot read IP mode file for SEGGER.I-CUBE-embOS.1.3.1
2026-04-03 19:42:45,145 [WARN] PackLoader:240 - Cannot read IP mode file for STMicroelectronics.X-CUBE-ALGOBUILD.1.4.0
2026-04-03 19:42:45,164 [WARN] PackLoader:240 - Cannot read IP mode file for STMicroelectronics.X-CUBE-PM33A1.1.0.0
2026-04-03 19:42:45,245 [WARN] PackLoader:240 - Cannot read IP mode file for STMicroelectronics.X-CUBE-AZRTOS-F4.1.1.0
2026-04-03 19:42:45,261 [WARN] PackLoader:240 - Cannot read IP mode file for STMicroelectronics.X-CUBE-ISPU.2.1.0
2026-04-03 19:42:45,415 [WARN] PackLoader:240 - Cannot read IP mode file for STMicroelectronics.X-CUBE-IPS.3.2.0
2026-04-03 19:42:45,515 [WARN] PackLoader:240 - Cannot read IP mode file for STMicroelectronics.X-CUBE-NFC12.1.0.0
2026-04-03 19:42:45,658 [WARN] PackLoader:240 - Cannot read IP mode file for STMicroelectronics.X-CUBE-AZRTOS-L5.2.0.0
2026-04-03 19:42:45,734 [WARN] PackLoader:240 - Cannot read IP mode file for STMicroelectronics.X-CUBE-TOUCHGFX.4.26.0
2026-04-03 19:42:45,765 [WARN] PackLoader:240 - Cannot read IP mode file for STMicroelectronics.X-CUBE-TOUCHGFX.4.26.1
2026-04-03 19:42:45,822 [WARN] PackLoader:240 - Cannot read IP mode file for STMicroelectronics.FP-SNS-STAIOTCFT.1.0.0
2026-04-03 19:42:45,880 [WARN] PackLoader:240 - Cannot read IP mode file for STMicroelectronics.X-CUBE-DPower.1.3.0
2026-04-03 19:42:46,005 [WARN] ConditionMgr:438 - getConditionDescription Invalid condition id : LAN8742 Phy interface Condition cause : null
2026-04-03 19:42:46,007 [WARN] PackLoader:240 - Cannot read IP mode file for STMicroelectronics.X-CUBE-AZRTOS-L4.2.0.0
2026-04-03 19:42:46,012 [WARN] ConditionMgr:1044 - genDependencies : Invalid condition id : LAN8742 Phy interface Condition cause : null
2026-04-03 19:42:46,013 [WARN] ConditionMgr:1044 - genDependencies : Invalid condition id : LAN8742 Phy interface Condition cause : null
2026-04-03 19:42:46,015 [WARN] ConditionMgr:1044 - genDependencies : Invalid condition id : LAN8742 Phy interface Condition cause : null
2026-04-03 19:42:46,027 [WARN] PackLoader:240 - Cannot read IP mode file for STMicroelectronics.X-CUBE-SFXS2LP1.4.0.0
2026-04-03 19:42:46,043 [WARN] PackLoader:240 - Cannot read IP mode file for STMicroelectronics.X-CUBE-ST67W61.1.2.0
2026-04-03 19:42:46,078 [WARN] PackLoader:240 - Cannot read IP mode file for STMicroelectronics.X-CUBE-BLEMGR.4.1.0
2026-04-03 19:42:46,136 [WARN] ConditionMgr:438 - getConditionDescription Invalid condition id : UX DEVICE CLASS RTOS Condition cause : null
2026-04-03 19:42:46,137 [WARN] ConditionMgr:438 - getConditionDescription Invalid condition id : UX DEVICE CLASS RTOS Condition cause : null
2026-04-03 19:42:46,150 [WARN] PackLoader:240 - Cannot read IP mode file for STMicroelectronics.X-CUBE-AZRTOS-WB.2.0.0
2026-04-03 19:42:46,151 [WARN] ConditionMgr:1044 - genDependencies : Invalid condition id : UX DEVICE CLASS RTOS Condition cause : null
2026-04-03 19:42:46,170 [WARN] ConditionMgr:1044 - genDependencies : Invalid condition id : UX DEVICE CLASS RTOS Condition cause : null
2026-04-03 19:42:46,171 [WARN] ConditionMgr:1044 - genDependencies : Invalid condition id : UX DEVICE CLASS RTOS Condition cause : null
2026-04-03 19:42:46,172 [WARN] ConditionMgr:1044 - genDependencies : Invalid condition id : UX DEVICE CLASS RTOS Condition cause : null
2026-04-03 19:42:46,172 [WARN] ConditionMgr:1044 - genDependencies : Invalid condition id : UX DEVICE CLASS RTOS Condition cause : null
2026-04-03 19:42:46,190 [WARN] ConditionMgr:438 - getConditionDescription Invalid condition id : Cortex-A Device cause : null
2026-04-03 19:42:46,226 [WARN] ConditionMgr:1044 - genDependencies : Invalid condition id : Cortex-A Device cause : null
2026-04-03 19:42:46,227 [WARN] ConditionMgr:1044 - genDependencies : Invalid condition id : Cortex-A Device cause : null
2026-04-03 19:42:46,227 [WARN] ConditionMgr:1044 - genDependencies : Invalid condition id : Cortex-A Device cause : null
2026-04-03 19:42:46,260 [WARN] PackLoader:240 - Cannot read IP mode file for STMicroelectronics.X-CUBE-STSE01.2.0.0
2026-04-03 19:42:46,310 [WARN] PackLoader:240 - Cannot read IP mode file for STMicroelectronics.X-CUBE-SUBG2.5.0.0
2026-04-03 19:42:46,381 [WARN] PackLoader:240 - Cannot read IP mode file for STMicroelectronics.X-CUBE-AZRTOS-G4.2.0.0
2026-04-03 19:42:46,394 [WARN] PackLoader:240 - Cannot read IP mode file for wolfSSL.I-CUBE-wolfSSH.1.4.20
2026-04-03 19:42:46,403 [WARN] PackLoader:240 - Cannot read IP mode file for STMicroelectronics.X-CUBE-NFC7.2.0.0
2026-04-03 19:42:46,413 [WARN] PackLoader:240 - Cannot read IP mode file for STMicroelectronics.X-CUBE-ALS.1.0.2
2026-04-03 19:42:46,434 [WARN] PackLoader:240 - Cannot read IP mode file for STMicroelectronics.X-CUBE-TOF1.3.4.3
2026-04-03 19:42:46,464 [INFO] ThirdParty:978 - Integrity check success = true
2026-04-03 19:42:46,464 [INFO] IntegrityCheckThread:100 - exiting critical section [integrity check]
2026-04-03 19:42:46,464 [INFO] IntegrityCheckThread:103 - End integrity checks thread
